{"/Users/camdenhill/Documents/the-new-cookbook-client/src/App.js": {"path":"/Users/camdenhill/Documents/the-new-cookbook-client/src/App.js","statementMap":{"0":{"start":{"line":4,"column":12},"end":{"line":8,"column":1}},"1":{"start":{"line":5,"column":2},"end":{"line":7,"column":8}}},"fnMap":{"0":{"name":"(anonymous_0)","decl":{"start":{"line":4,"column":12},"end":{"line":4,"column":13}},"loc":{"start":{"line":5,"column":2},"end":{"line":7,"column":8}},"line":5}},"branchMap":{},"s":{"0":1,"1":1},"f":{"0":1},"b":{},"_coverageSchema":"332fd63041d2c1bcb487cc26dd0d5f7d97098a6c","hash":"3452c729025156b1d54492cd8917255fb13bfb2d"}
,"/Users/camdenhill/Documents/the-new-cookbook-client/src/index.js": {"path":"/Users/camdenhill/Documents/the-new-cookbook-client/src/index.js","statementMap":{"0":{"start":{"line":1,"column":32},"end":{"line":1,"column":98}},"1":{"start":{"line":1,"column":112},"end":{"line":1,"column":128}},"2":{"start":{"line":1,"column":143},"end":{"line":1,"column":173}},"3":{"start":{"line":2,"column":16},"end":{"line":2,"column":36}},"4":{"start":{"line":2,"column":54},"end":{"line":2,"column":87}},"5":{"start":{"line":3,"column":22},"end":{"line":3,"column":49}},"6":{"start":{"line":4,"column":0},"end":{"line":4,"column":23}},"7":{"start":{"line":5,"column":11},"end":{"line":5,"column":27}},"8":{"start":{"line":5,"column":40},"end":{"line":5,"column":68}},"9":{"start":{"line":6,"column":29},"end":{"line":6,"column":63}},"10":{"start":{"line":6,"column":94},"end":{"line":6,"column":140}},"11":{"start":{"line":6,"column":179},"end":{"line":6,"column":233}},"12":{"start":{"line":8,"column":0},"end":{"line":11,"column":33}},"13":{"start":{"line":12,"column":0},"end":{"line":12,"column":39}}},"fnMap":{"0":{"name":"_interopRequireDefault","decl":{"start":{"line":6,"column":150},"end":{"line":6,"column":172}},"loc":{"start":{"line":6,"column":178},"end":{"line":6,"column":234}},"line":6}},"branchMap":{"0":{"loc":{"start":{"line":6,"column":186},"end":{"line":6,"column":232}},"type":"cond-expr","locations":[{"start":{"line":6,"column":210},"end":{"line":6,"column":213}},{"start":{"line":6,"column":216},"end":{"line":6,"column":232}}],"line":6},"1":{"loc":{"start":{"line":6,"column":186},"end":{"line":6,"column":207}},"type":"binary-expr","locations":[{"start":{"line":6,"column":186},"end":{"line":6,"column":189}},{"start":{"line":6,"column":193},"end":{"line":6,"column":207}}],"line":6}},"s":{"0":0,"1":0,"2":0,"3":0,"4":0,"5":0,"6":0,"7":0,"8":0,"9":0,"10":0,"11":0,"12":0,"13":0},"f":{"0":0},"b":{"0":[0,0],"1":[0,0]}}
,"/Users/camdenhill/Documents/the-new-cookbook-client/src/registerServiceWorker.js": {"path":"/Users/camdenhill/Documents/the-new-cookbook-client/src/registerServiceWorker.js","statementMap":{"0":{"start":{"line":1,"column":13},"end":{"line":1,"column":75}},"1":{"start":{"line":1,"column":75},"end":{"line":21,"column":9}},"2":{"start":{"line":21,"column":9},"end":{"line":102,"column":24}},"3":{"start":{"line":109,"column":20},"end":{"line":111,"column":89}},"4":{"start":{"line":111,"column":111},"end":{"line":117,"column":36}},"5":{"start":{"line":112,"column":22},"end":{"line":112,"column":70}},"6":{"start":{"line":112,"column":71},"end":{"line":115,"column":14}},"7":{"start":{"line":115,"column":6},"end":{"line":115,"column":13}},"8":{"start":{"line":115,"column":14},"end":{"line":117,"column":35}},"9":{"start":{"line":115,"column":67},"end":{"line":115,"column":112}},"10":{"start":{"line":115,"column":113},"end":{"line":117,"column":32}},"11":{"start":{"line":116,"column":8},"end":{"line":116,"column":39}},"12":{"start":{"line":117,"column":8},"end":{"line":117,"column":31}},"13":{"start":{"line":117,"column":70},"end":{"line":124,"column":156}},"14":{"start":{"line":117,"column":132},"end":{"line":124,"column":68}},"15":{"start":{"line":117,"column":193},"end":{"line":117,"column":216}},"16":{"start":{"line":117,"column":217},"end":{"line":124,"column":66}},"17":{"start":{"line":117,"column":257},"end":{"line":124,"column":64}},"18":{"start":{"line":117,"column":302},"end":{"line":124,"column":63}},"19":{"start":{"line":121,"column":12},"end":{"line":121,"column":69}},"20":{"start":{"line":124,"column":12},"end":{"line":124,"column":62}},"21":{"start":{"line":124,"column":87},"end":{"line":124,"column":153}},"22":{"start":{"line":125,"column":2},"end":{"line":128,"column":126}},"23":{"start":{"line":126,"column":4},"end":{"line":128,"column":30}},"24":{"start":{"line":127,"column":6},"end":{"line":127,"column":127}},"25":{"start":{"line":127,"column":58},"end":{"line":127,"column":124}},"26":{"start":{"line":127,"column":96},"end":{"line":127,"column":121}},"27":{"start":{"line":128,"column":6},"end":{"line":128,"column":29}},"28":{"start":{"line":128,"column":46},"end":{"line":128,"column":123}},"29":{"start":{"line":128,"column":150},"end":{"line":128,"column":267}},"30":{"start":{"line":128,"column":185},"end":{"line":128,"column":266}},"31":{"start":{"line":128,"column":237},"end":{"line":128,"column":263}}},"fnMap":{"0":{"name":"register","decl":{"start":{"line":111,"column":99},"end":{"line":111,"column":107}},"loc":{"start":{"line":111,"column":110},"end":{"line":117,"column":37}},"line":111},"1":{"name":"(anonymous_1)","decl":{"start":{"line":115,"column":46},"end":{"line":115,"column":47}},"loc":{"start":{"line":115,"column":52},"end":{"line":117,"column":33}},"line":115},"2":{"name":"registerValidSW","decl":{"start":{"line":117,"column":46},"end":{"line":117,"column":61}},"loc":{"start":{"line":117,"column":69},"end":{"line":124,"column":157}},"line":117},"3":{"name":"(anonymous_3)","decl":{"start":{"line":117,"column":115},"end":{"line":117,"column":116}},"loc":{"start":{"line":117,"column":131},"end":{"line":124,"column":69}},"line":117},"4":{"name":"(anonymous_4)","decl":{"start":{"line":117,"column":161},"end":{"line":117,"column":162}},"loc":{"start":{"line":117,"column":167},"end":{"line":124,"column":67}},"line":117},"5":{"name":"(anonymous_5)","decl":{"start":{"line":117,"column":250},"end":{"line":117,"column":251}},"loc":{"start":{"line":117,"column":256},"end":{"line":124,"column":65}},"line":117},"6":{"name":"(anonymous_6)","decl":{"start":{"line":124,"column":77},"end":{"line":124,"column":78}},"loc":{"start":{"line":124,"column":86},"end":{"line":124,"column":154}},"line":124},"7":{"name":"checkValidServiceWorker","decl":{"start":{"line":124,"column":166},"end":{"line":124,"column":189}},"loc":{"start":{"line":124,"column":197},"end":{"line":128,"column":127}},"line":124},"8":{"name":"(anonymous_8)","decl":{"start":{"line":125,"column":20},"end":{"line":125,"column":21}},"loc":{"start":{"line":125,"column":32},"end":{"line":128,"column":31}},"line":125},"9":{"name":"(anonymous_9)","decl":{"start":{"line":127,"column":41},"end":{"line":127,"column":42}},"loc":{"start":{"line":127,"column":57},"end":{"line":127,"column":125}},"line":127},"10":{"name":"(anonymous_10)","decl":{"start":{"line":127,"column":89},"end":{"line":127,"column":90}},"loc":{"start":{"line":127,"column":95},"end":{"line":127,"column":122}},"line":127},"11":{"name":"(anonymous_11)","decl":{"start":{"line":128,"column":39},"end":{"line":128,"column":40}},"loc":{"start":{"line":128,"column":45},"end":{"line":128,"column":124}},"line":128},"12":{"name":"unregister","decl":{"start":{"line":128,"column":136},"end":{"line":128,"column":146}},"loc":{"start":{"line":128,"column":149},"end":{"line":128,"column":268}},"line":128},"13":{"name":"(anonymous_13)","decl":{"start":{"line":128,"column":220},"end":{"line":128,"column":221}},"loc":{"start":{"line":128,"column":236},"end":{"line":128,"column":264}},"line":128}},"branchMap":{"0":{"loc":{"start":{"line":109,"column":28},"end":{"line":111,"column":88}},"type":"binary-expr","locations":[{"start":{"line":109,"column":28},"end":{"line":109,"column":68}},{"start":{"line":110,"column":0},"end":{"line":110,"column":36}},{"start":{"line":111,"column":0},"end":{"line":111,"column":88}}],"line":109},"1":{"loc":{"start":{"line":111,"column":111},"end":{"line":117,"column":36}},"type":"if","locations":[{"start":{"line":111,"column":111},"end":{"line":117,"column":36}},{"start":{"line":111,"column":111},"end":{"line":117,"column":36}}],"line":111},"2":{"loc":{"start":{"line":111,"column":115},"end":{"line":111,"column":184}},"type":"binary-expr","locations":[{"start":{"line":111,"column":115},"end":{"line":111,"column":152}},{"start":{"line":111,"column":156},"end":{"line":111,"column":184}}],"line":111},"3":{"loc":{"start":{"line":112,"column":71},"end":{"line":115,"column":14}},"type":"if","locations":[{"start":{"line":112,"column":71},"end":{"line":115,"column":14}},{"start":{"line":112,"column":71},"end":{"line":115,"column":14}}],"line":112},"4":{"loc":{"start":{"line":115,"column":113},"end":{"line":117,"column":32}},"type":"if","locations":[{"start":{"line":115,"column":113},"end":{"line":117,"column":32}},{"start":{"line":115,"column":113},"end":{"line":117,"column":32}}],"line":115},"5":{"loc":{"start":{"line":117,"column":257},"end":{"line":124,"column":64}},"type":"if","locations":[{"start":{"line":117,"column":257},"end":{"line":124,"column":64}},{"start":{"line":117,"column":257},"end":{"line":124,"column":64}}],"line":117},"6":{"loc":{"start":{"line":117,"column":302},"end":{"line":124,"column":63}},"type":"if","locations":[{"start":{"line":117,"column":302},"end":{"line":124,"column":63}},{"start":{"line":117,"column":302},"end":{"line":124,"column":63}}],"line":117},"7":{"loc":{"start":{"line":126,"column":4},"end":{"line":128,"column":30}},"type":"if","locations":[{"start":{"line":126,"column":4},"end":{"line":128,"column":30}},{"start":{"line":126,"column":4},"end":{"line":128,"column":30}}],"line":126},"8":{"loc":{"start":{"line":126,"column":8},"end":{"line":126,"column":100}},"type":"binary-expr","locations":[{"start":{"line":126,"column":8},"end":{"line":126,"column":31}},{"start":{"line":126,"column":35},"end":{"line":126,"column":100}}],"line":126},"9":{"loc":{"start":{"line":128,"column":150},"end":{"line":128,"column":267}},"type":"if","locations":[{"start":{"line":128,"column":150},"end":{"line":128,"column":267}},{"start":{"line":128,"column":150},"end":{"line":128,"column":267}}],"line":128}},"s":{"0":0,"1":0,"2":0,"3":0,"4":0,"5":0,"6":0,"7":0,"8":0,"9":0,"10":0,"11":0,"12":0,"13":0,"14":0,"15":0,"16":0,"17":0,"18":0,"19":0,"20":0,"21":0,"22":0,"23":0,"24":0,"25":0,"26":0,"27":0,"28":0,"29":0,"30":0,"31":0},"f":{"0":0,"1":0,"2":0,"3":0,"4":0,"5":0,"6":0,"7":0,"8":0,"9":0,"10":0,"11":0,"12":0,"13":0},"b":{"0":[0,0,0],"1":[0,0],"2":[0,0],"3":[0,0],"4":[0,0],"5":[0,0],"6":[0,0],"7":[0,0],"8":[0,0],"9":[0,0]}}
,"/Users/camdenhill/Documents/the-new-cookbook-client/src/components/AddIngredient.js": {"path":"/Users/camdenhill/Documents/the-new-cookbook-client/src/components/AddIngredient.js","statementMap":{"0":{"start":{"line":8,"column":4},"end":{"line":14,"column":38}},"1":{"start":{"line":13,"column":6},"end":{"line":13,"column":35}},"2":{"start":{"line":14,"column":20},"end":{"line":14,"column":36}},"3":{"start":{"line":18,"column":26},"end":{"line":22,"column":5}},"4":{"start":{"line":23,"column":4},"end":{"line":23,"column":38}},"5":{"start":{"line":24,"column":4},"end":{"line":24,"column":23}},"6":{"start":{"line":28,"column":4},"end":{"line":48,"column":5}},"7":{"start":{"line":52,"column":0},"end":{"line":56,"column":2}}},"fnMap":{"0":{"name":"(anonymous_0)","decl":{"start":{"line":7,"column":2},"end":{"line":7,"column":3}},"loc":{"start":{"line":7,"column":31},"end":{"line":15,"column":3}},"line":7},"1":{"name":"(anonymous_1)","decl":{"start":{"line":12,"column":12},"end":{"line":12,"column":13}},"loc":{"start":{"line":12,"column":18},"end":{"line":14,"column":5}},"line":12},"2":{"name":"(anonymous_2)","decl":{"start":{"line":14,"column":13},"end":{"line":14,"column":14}},"loc":{"start":{"line":14,"column":20},"end":{"line":14,"column":36}},"line":14},"3":{"name":"(anonymous_3)","decl":{"start":{"line":17,"column":2},"end":{"line":17,"column":3}},"loc":{"start":{"line":17,"column":14},"end":{"line":25,"column":3}},"line":17},"4":{"name":"(anonymous_4)","decl":{"start":{"line":27,"column":2},"end":{"line":27,"column":3}},"loc":{"start":{"line":27,"column":11},"end":{"line":49,"column":3}},"line":27}},"branchMap":{},"s":{"0":0,"1":0,"2":0,"3":0,"4":0,"5":0,"6":0,"7":1},"f":{"0":0,"1":0,"2":0,"3":0,"4":0},"b":{},"_coverageSchema":"332fd63041d2c1bcb487cc26dd0d5f7d97098a6c","hash":"3a42afff61fa2c10c5c259d53ea455cd1d57db36"}
,"/Users/camdenhill/Documents/the-new-cookbook-client/src/components/Footer.js": {"path":"/Users/camdenhill/Documents/the-new-cookbook-client/src/components/Footer.js","statementMap":{"0":{"start":{"line":7,"column":4},"end":{"line":10,"column":5}}},"fnMap":{"0":{"name":"(anonymous_0)","decl":{"start":{"line":6,"column":2},"end":{"line":6,"column":3}},"loc":{"start":{"line":6,"column":11},"end":{"line":11,"column":3}},"line":6}},"branchMap":{},"s":{"0":0},"f":{"0":0},"b":{},"_coverageSchema":"332fd63041d2c1bcb487cc26dd0d5f7d97098a6c","hash":"2be62fdc8d21e5816d0a4008cdfc2b102d844b4f"}
,"/Users/camdenhill/Documents/the-new-cookbook-client/src/components/Home.js": {"path":"/Users/camdenhill/Documents/the-new-cookbook-client/src/components/Home.js","statementMap":{"0":{"start":{"line":9,"column":4},"end":{"line":16,"column":5}}},"fnMap":{"0":{"name":"(anonymous_0)","decl":{"start":{"line":8,"column":2},"end":{"line":8,"column":3}},"loc":{"start":{"line":8,"column":11},"end":{"line":17,"column":3}},"line":8}},"branchMap":{},"s":{"0":1},"f":{"0":1},"b":{},"_coverageSchema":"332fd63041d2c1bcb487cc26dd0d5f7d97098a6c","hash":"4ed6485d7204de1b524d0e108bdcfa3aaa3633c1"}
,"/Users/camdenhill/Documents/the-new-cookbook-client/src/components/IngredientDetails.js": {"path":"/Users/camdenhill/Documents/the-new-cookbook-client/src/components/IngredientDetails.js","statementMap":{"0":{"start":{"line":8,"column":4},"end":{"line":8,"column":17}},"1":{"start":{"line":9,"column":4},"end":{"line":11,"column":5}},"2":{"start":{"line":15,"column":4},"end":{"line":15,"column":25}},"3":{"start":{"line":19,"column":23},"end":{"line":19,"column":49}},"4":{"start":{"line":20,"column":4},"end":{"line":26,"column":36}},"5":{"start":{"line":22,"column":8},"end":{"line":24,"column":10}},"6":{"start":{"line":23,"column":10},"end":{"line":23,"column":34}},"7":{"start":{"line":26,"column":18},"end":{"line":26,"column":34}},"8":{"start":{"line":30,"column":23},"end":{"line":30,"column":44}},"9":{"start":{"line":31,"column":4},"end":{"line":34,"column":38}},"10":{"start":{"line":33,"column":6},"end":{"line":33,"column":35}},"11":{"start":{"line":34,"column":20},"end":{"line":34,"column":36}},"12":{"start":{"line":38,"column":4},"end":{"line":45,"column":5}},"13":{"start":{"line":49,"column":0},"end":{"line":58,"column":2}}},"fnMap":{"0":{"name":"(anonymous_0)","decl":{"start":{"line":7,"column":2},"end":{"line":7,"column":3}},"loc":{"start":{"line":7,"column":21},"end":{"line":12,"column":3}},"line":7},"1":{"name":"(anonymous_1)","decl":{"start":{"line":14,"column":2},"end":{"line":14,"column":3}},"loc":{"start":{"line":14,"column":23},"end":{"line":16,"column":3}},"line":14},"2":{"name":"(anonymous_2)","decl":{"start":{"line":18,"column":2},"end":{"line":18,"column":3}},"loc":{"start":{"line":18,"column":18},"end":{"line":27,"column":3}},"line":18},"3":{"name":"(anonymous_3)","decl":{"start":{"line":21,"column":12},"end":{"line":21,"column":13}},"loc":{"start":{"line":21,"column":24},"end":{"line":25,"column":5}},"line":21},"4":{"name":"(anonymous_4)","decl":{"start":{"line":22,"column":48},"end":{"line":22,"column":49}},"loc":{"start":{"line":22,"column":54},"end":{"line":24,"column":9}},"line":22},"5":{"name":"(anonymous_5)","decl":{"start":{"line":26,"column":11},"end":{"line":26,"column":12}},"loc":{"start":{"line":26,"column":18},"end":{"line":26,"column":34}},"line":26},"6":{"name":"(anonymous_6)","decl":{"start":{"line":29,"column":2},"end":{"line":29,"column":3}},"loc":{"start":{"line":29,"column":13},"end":{"line":35,"column":3}},"line":29},"7":{"name":"(anonymous_7)","decl":{"start":{"line":32,"column":10},"end":{"line":32,"column":11}},"loc":{"start":{"line":32,"column":16},"end":{"line":34,"column":5}},"line":32},"8":{"name":"(anonymous_8)","decl":{"start":{"line":34,"column":13},"end":{"line":34,"column":14}},"loc":{"start":{"line":34,"column":20},"end":{"line":34,"column":36}},"line":34},"9":{"name":"(anonymous_9)","decl":{"start":{"line":37,"column":2},"end":{"line":37,"column":3}},"loc":{"start":{"line":37,"column":11},"end":{"line":46,"column":3}},"line":37}},"branchMap":{},"s":{"0":0,"1":0,"2":0,"3":0,"4":0,"5":0,"6":0,"7":0,"8":0,"9":0,"10":0,"11":0,"12":0,"13":1},"f":{"0":0,"1":0,"2":0,"3":0,"4":0,"5":0,"6":0,"7":0,"8":0,"9":0},"b":{},"_coverageSchema":"332fd63041d2c1bcb487cc26dd0d5f7d97098a6c","hash":"4750570243af571f3eea9ff1e874c0e0e5fd9ec5"}
,"/Users/camdenhill/Documents/the-new-cookbook-client/src/components/IngredientItem.js": {"path":"/Users/camdenhill/Documents/the-new-cookbook-client/src/components/IngredientItem.js","statementMap":{"0":{"start":{"line":7,"column":4},"end":{"line":7,"column":17}},"1":{"start":{"line":8,"column":4},"end":{"line":10,"column":5}},"2":{"start":{"line":14,"column":4},"end":{"line":20,"column":5}},"3":{"start":{"line":24,"column":0},"end":{"line":26,"column":2}}},"fnMap":{"0":{"name":"(anonymous_0)","decl":{"start":{"line":6,"column":2},"end":{"line":6,"column":3}},"loc":{"start":{"line":6,"column":21},"end":{"line":11,"column":3}},"line":6},"1":{"name":"(anonymous_1)","decl":{"start":{"line":13,"column":2},"end":{"line":13,"column":3}},"loc":{"start":{"line":13,"column":11},"end":{"line":21,"column":3}},"line":13}},"branchMap":{},"s":{"0":0,"1":0,"2":0,"3":1},"f":{"0":0,"1":0},"b":{},"_coverageSchema":"332fd63041d2c1bcb487cc26dd0d5f7d97098a6c","hash":"13253e56ea980d3c0631e09eedc9a94f0865f7a6"}
,"/Users/camdenhill/Documents/the-new-cookbook-client/src/components/Ingredients.js": {"path":"/Users/camdenhill/Documents/the-new-cookbook-client/src/components/Ingredients.js","statementMap":{"0":{"start":{"line":8,"column":4},"end":{"line":8,"column":12}},"1":{"start":{"line":9,"column":4},"end":{"line":11,"column":5}},"2":{"start":{"line":15,"column":4},"end":{"line":15,"column":26}},"3":{"start":{"line":19,"column":4},"end":{"line":25,"column":36}},"4":{"start":{"line":21,"column":8},"end":{"line":23,"column":10}},"5":{"start":{"line":22,"column":10},"end":{"line":22,"column":36}},"6":{"start":{"line":25,"column":18},"end":{"line":25,"column":34}},"7":{"start":{"line":29,"column":28},"end":{"line":33,"column":6}},"8":{"start":{"line":30,"column":6},"end":{"line":32,"column":7}},"9":{"start":{"line":34,"column":4},"end":{"line":42,"column":5}}},"fnMap":{"0":{"name":"(anonymous_0)","decl":{"start":{"line":7,"column":2},"end":{"line":7,"column":3}},"loc":{"start":{"line":7,"column":16},"end":{"line":12,"column":3}},"line":7},"1":{"name":"(anonymous_1)","decl":{"start":{"line":14,"column":2},"end":{"line":14,"column":3}},"loc":{"start":{"line":14,"column":23},"end":{"line":16,"column":3}},"line":14},"2":{"name":"(anonymous_2)","decl":{"start":{"line":18,"column":2},"end":{"line":18,"column":3}},"loc":{"start":{"line":18,"column":19},"end":{"line":26,"column":3}},"line":18},"3":{"name":"(anonymous_3)","decl":{"start":{"line":20,"column":12},"end":{"line":20,"column":13}},"loc":{"start":{"line":20,"column":24},"end":{"line":24,"column":5}},"line":20},"4":{"name":"(anonymous_4)","decl":{"start":{"line":21,"column":52},"end":{"line":21,"column":53}},"loc":{"start":{"line":21,"column":58},"end":{"line":23,"column":9}},"line":21},"5":{"name":"(anonymous_5)","decl":{"start":{"line":25,"column":11},"end":{"line":25,"column":12}},"loc":{"start":{"line":25,"column":18},"end":{"line":25,"column":34}},"line":25},"6":{"name":"(anonymous_6)","decl":{"start":{"line":28,"column":2},"end":{"line":28,"column":3}},"loc":{"start":{"line":28,"column":11},"end":{"line":43,"column":3}},"line":28},"7":{"name":"(anonymous_7)","decl":{"start":{"line":29,"column":55},"end":{"line":29,"column":56}},"loc":{"start":{"line":29,"column":71},"end":{"line":33,"column":5}},"line":29}},"branchMap":{},"s":{"0":0,"1":0,"2":0,"3":0,"4":0,"5":0,"6":0,"7":0,"8":0,"9":0},"f":{"0":0,"1":0,"2":0,"3":0,"4":0,"5":0,"6":0,"7":0},"b":{},"_coverageSchema":"332fd63041d2c1bcb487cc26dd0d5f7d97098a6c","hash":"906a050c682e880017961929c11ef2fb734f4e08"}
,"/Users/camdenhill/Documents/the-new-cookbook-client/src/components/Main.js": {"path":"/Users/camdenhill/Documents/the-new-cookbook-client/src/components/Main.js","statementMap":{"0":{"start":{"line":13,"column":13},"end":{"line":27,"column":1}},"1":{"start":{"line":14,"column":2},"end":{"line":26,"column":9}}},"fnMap":{"0":{"name":"(anonymous_0)","decl":{"start":{"line":13,"column":13},"end":{"line":13,"column":14}},"loc":{"start":{"line":14,"column":2},"end":{"line":26,"column":9}},"line":14}},"branchMap":{},"s":{"0":1,"1":1},"f":{"0":1},"b":{},"_coverageSchema":"332fd63041d2c1bcb487cc26dd0d5f7d97098a6c","hash":"4a868db69aa2a9ae1a33157e217d21a3962cedb1"}
,"/Users/camdenhill/Documents/the-new-cookbook-client/src/components/NavBar.js": {"path":"/Users/camdenhill/Documents/the-new-cookbook-client/src/components/NavBar.js","statementMap":{"0":{"start":{"line":8,"column":4},"end":{"line":12,"column":5}}},"fnMap":{"0":{"name":"(anonymous_0)","decl":{"start":{"line":7,"column":2},"end":{"line":7,"column":3}},"loc":{"start":{"line":7,"column":11},"end":{"line":13,"column":3}},"line":7}},"branchMap":{},"s":{"0":0},"f":{"0":0},"b":{},"_coverageSchema":"332fd63041d2c1bcb487cc26dd0d5f7d97098a6c","hash":"27347d3c9b3f4251f61ef9840a4f4c1be23e338e"}
,"/Users/camdenhill/Documents/the-new-cookbook-client/src/components/NotFound.js": {"path":"/Users/camdenhill/Documents/the-new-cookbook-client/src/components/NotFound.js","statementMap":{"0":{"start":{"line":8,"column":4},"end":{"line":13,"column":5}}},"fnMap":{"0":{"name":"(anonymous_0)","decl":{"start":{"line":7,"column":2},"end":{"line":7,"column":3}},"loc":{"start":{"line":7,"column":11},"end":{"line":14,"column":3}},"line":7}},"branchMap":{},"s":{"0":0},"f":{"0":0},"b":{},"_coverageSchema":"332fd63041d2c1bcb487cc26dd0d5f7d97098a6c","hash":"178657c9c6552a96f5abdb35e6b5f0a0e43302b5"}
,"/Users/camdenhill/Documents/the-new-cookbook-client/src/components/ingredients/AddIngredient.js": {"path":"/Users/camdenhill/Documents/the-new-cookbook-client/src/components/ingredients/AddIngredient.js","statementMap":{"0":{"start":{"line":1,"column":13},"end":{"line":1,"column":75}},"1":{"start":{"line":1,"column":94},"end":{"line":1,"column":191}},"2":{"start":{"line":1,"column":205},"end":{"line":1,"column":221}},"3":{"start":{"line":1,"column":236},"end":{"line":1,"column":266}},"4":{"start":{"line":2,"column":13},"end":{"line":2,"column":29}},"5":{"start":{"line":2,"column":44},"end":{"line":2,"column":74}},"6":{"start":{"line":3,"column":22},"end":{"line":3,"column":49}},"7":{"start":{"line":4,"column":17},"end":{"line":4,"column":38}},"8":{"start":{"line":4,"column":57},"end":{"line":4,"column":91}},"9":{"start":{"line":4,"column":130},"end":{"line":4,"column":184}},"10":{"start":{"line":8,"column":4},"end":{"line":14,"column":38}},"11":{"start":{"line":13,"column":6},"end":{"line":13,"column":35}},"12":{"start":{"line":14,"column":20},"end":{"line":14,"column":36}},"13":{"start":{"line":18,"column":26},"end":{"line":21,"column":42}},"14":{"start":{"line":23,"column":4},"end":{"line":23,"column":38}},"15":{"start":{"line":24,"column":4},"end":{"line":24,"column":23}},"16":{"start":{"line":28,"column":4},"end":{"line":45,"column":155}},"17":{"start":{"line":52,"column":0},"end":{"line":54,"column":42}},"18":{"start":{"line":54,"column":42},"end":{"line":59,"column":14}}},"fnMap":{"0":{"name":"_interopRequireDefault","decl":{"start":{"line":4,"column":101},"end":{"line":4,"column":123}},"loc":{"start":{"line":4,"column":129},"end":{"line":4,"column":185}},"line":4},"1":{"name":"(anonymous_1)","decl":{"start":{"line":7,"column":2},"end":{"line":7,"column":3}},"loc":{"start":{"line":7,"column":31},"end":{"line":15,"column":3}},"line":7},"2":{"name":"(anonymous_2)","decl":{"start":{"line":12,"column":9},"end":{"line":12,"column":10}},"loc":{"start":{"line":12,"column":15},"end":{"line":14,"column":5}},"line":12},"3":{"name":"(anonymous_3)","decl":{"start":{"line":14,"column":13},"end":{"line":14,"column":14}},"loc":{"start":{"line":14,"column":20},"end":{"line":14,"column":36}},"line":14},"4":{"name":"(anonymous_4)","decl":{"start":{"line":17,"column":2},"end":{"line":17,"column":3}},"loc":{"start":{"line":17,"column":14},"end":{"line":25,"column":3}},"line":17},"5":{"name":"(anonymous_5)","decl":{"start":{"line":27,"column":2},"end":{"line":27,"column":3}},"loc":{"start":{"line":27,"column":11},"end":{"line":49,"column":3}},"line":27}},"branchMap":{"0":{"loc":{"start":{"line":4,"column":137},"end":{"line":4,"column":183}},"type":"cond-expr","locations":[{"start":{"line":4,"column":161},"end":{"line":4,"column":164}},{"start":{"line":4,"column":167},"end":{"line":4,"column":183}}],"line":4},"1":{"loc":{"start":{"line":4,"column":137},"end":{"line":4,"column":158}},"type":"binary-expr","locations":[{"start":{"line":4,"column":137},"end":{"line":4,"column":140}},{"start":{"line":4,"column":144},"end":{"line":4,"column":158}}],"line":4}},"s":{"0":0,"1":0,"2":0,"3":0,"4":0,"5":0,"6":0,"7":0,"8":0,"9":0,"10":0,"11":0,"12":0,"13":0,"14":0,"15":0,"16":0,"17":0,"18":0},"f":{"0":0,"1":0,"2":0,"3":0,"4":0,"5":0},"b":{"0":[0,0],"1":[0,0]}}
,"/Users/camdenhill/Documents/the-new-cookbook-client/src/components/ingredients/EditIngredient.js": {"path":"/Users/camdenhill/Documents/the-new-cookbook-client/src/components/ingredients/EditIngredient.js","statementMap":{"0":{"start":{"line":8,"column":4},"end":{"line":8,"column":17}},"1":{"start":{"line":9,"column":4},"end":{"line":14,"column":5}},"2":{"start":{"line":15,"column":4},"end":{"line":15,"column":63}},"3":{"start":{"line":19,"column":4},"end":{"line":19,"column":32}},"4":{"start":{"line":23,"column":23},"end":{"line":23,"column":49}},"5":{"start":{"line":24,"column":4},"end":{"line":34,"column":40}},"6":{"start":{"line":26,"column":8},"end":{"line":33,"column":11}},"7":{"start":{"line":32,"column":10},"end":{"line":32,"column":34}},"8":{"start":{"line":34,"column":22},"end":{"line":34,"column":38}},"9":{"start":{"line":38,"column":4},"end":{"line":44,"column":38}},"10":{"start":{"line":43,"column":6},"end":{"line":43,"column":35}},"11":{"start":{"line":44,"column":20},"end":{"line":44,"column":36}},"12":{"start":{"line":48,"column":26},"end":{"line":52,"column":5}},"13":{"start":{"line":53,"column":4},"end":{"line":53,"column":39}},"14":{"start":{"line":54,"column":4},"end":{"line":54,"column":23}},"15":{"start":{"line":58,"column":19},"end":{"line":58,"column":27}},"16":{"start":{"line":59,"column":18},"end":{"line":59,"column":30}},"17":{"start":{"line":60,"column":17},"end":{"line":60,"column":28}},"18":{"start":{"line":62,"column":4},"end":{"line":64,"column":7}},"19":{"start":{"line":68,"column":4},"end":{"line":88,"column":5}},"20":{"start":{"line":92,"column":0},"end":{"line":101,"column":2}}},"fnMap":{"0":{"name":"(anonymous_0)","decl":{"start":{"line":7,"column":2},"end":{"line":7,"column":3}},"loc":{"start":{"line":7,"column":21},"end":{"line":16,"column":3}},"line":7},"1":{"name":"(anonymous_1)","decl":{"start":{"line":18,"column":2},"end":{"line":18,"column":3}},"loc":{"start":{"line":18,"column":23},"end":{"line":20,"column":3}},"line":18},"2":{"name":"(anonymous_2)","decl":{"start":{"line":22,"column":2},"end":{"line":22,"column":3}},"loc":{"start":{"line":22,"column":25},"end":{"line":35,"column":3}},"line":22},"3":{"name":"(anonymous_3)","decl":{"start":{"line":25,"column":12},"end":{"line":25,"column":13}},"loc":{"start":{"line":25,"column":24},"end":{"line":34,"column":7}},"line":25},"4":{"name":"(anonymous_4)","decl":{"start":{"line":31,"column":11},"end":{"line":31,"column":12}},"loc":{"start":{"line":31,"column":17},"end":{"line":33,"column":9}},"line":31},"5":{"name":"(anonymous_5)","decl":{"start":{"line":34,"column":15},"end":{"line":34,"column":16}},"loc":{"start":{"line":34,"column":22},"end":{"line":34,"column":38}},"line":34},"6":{"name":"(anonymous_6)","decl":{"start":{"line":37,"column":2},"end":{"line":37,"column":3}},"loc":{"start":{"line":37,"column":32},"end":{"line":45,"column":3}},"line":37},"7":{"name":"(anonymous_7)","decl":{"start":{"line":42,"column":12},"end":{"line":42,"column":13}},"loc":{"start":{"line":42,"column":18},"end":{"line":44,"column":5}},"line":42},"8":{"name":"(anonymous_8)","decl":{"start":{"line":44,"column":13},"end":{"line":44,"column":14}},"loc":{"start":{"line":44,"column":20},"end":{"line":44,"column":36}},"line":44},"9":{"name":"(anonymous_9)","decl":{"start":{"line":47,"column":2},"end":{"line":47,"column":3}},"loc":{"start":{"line":47,"column":14},"end":{"line":55,"column":3}},"line":47},"10":{"name":"(anonymous_10)","decl":{"start":{"line":57,"column":2},"end":{"line":57,"column":3}},"loc":{"start":{"line":57,"column":23},"end":{"line":65,"column":3}},"line":57},"11":{"name":"(anonymous_11)","decl":{"start":{"line":67,"column":2},"end":{"line":67,"column":3}},"loc":{"start":{"line":67,"column":11},"end":{"line":89,"column":3}},"line":67}},"branchMap":{},"s":{"0":0,"1":0,"2":0,"3":0,"4":0,"5":0,"6":0,"7":0,"8":0,"9":0,"10":0,"11":0,"12":0,"13":0,"14":0,"15":0,"16":0,"17":0,"18":0,"19":0,"20":1},"f":{"0":0,"1":0,"2":0,"3":0,"4":0,"5":0,"6":0,"7":0,"8":0,"9":0,"10":0,"11":0},"b":{},"_coverageSchema":"332fd63041d2c1bcb487cc26dd0d5f7d97098a6c","hash":"5ea811e5b8272dfdfc4895e6fbd3c35e9d620bea"}
,"/Users/camdenhill/Documents/the-new-cookbook-client/src/components/ingredients/IngredientDetails.js": {"path":"/Users/camdenhill/Documents/the-new-cookbook-client/src/components/ingredients/IngredientDetails.js","statementMap":{"0":{"start":{"line":1,"column":13},"end":{"line":1,"column":75}},"1":{"start":{"line":1,"column":94},"end":{"line":1,"column":195}},"2":{"start":{"line":1,"column":209},"end":{"line":1,"column":225}},"3":{"start":{"line":1,"column":240},"end":{"line":1,"column":270}},"4":{"start":{"line":2,"column":13},"end":{"line":2,"column":29}},"5":{"start":{"line":2,"column":44},"end":{"line":2,"column":74}},"6":{"start":{"line":3,"column":22},"end":{"line":3,"column":49}},"7":{"start":{"line":4,"column":17},"end":{"line":4,"column":38}},"8":{"start":{"line":4,"column":57},"end":{"line":4,"column":91}},"9":{"start":{"line":4,"column":130},"end":{"line":4,"column":184}},"10":{"start":{"line":8,"column":4},"end":{"line":8,"column":17}},"11":{"start":{"line":9,"column":4},"end":{"line":10,"column":44}},"12":{"start":{"line":15,"column":4},"end":{"line":15,"column":25}},"13":{"start":{"line":19,"column":23},"end":{"line":19,"column":49}},"14":{"start":{"line":20,"column":4},"end":{"line":26,"column":35}},"15":{"start":{"line":22,"column":6},"end":{"line":24,"column":9}},"16":{"start":{"line":23,"column":8},"end":{"line":23,"column":32}},"17":{"start":{"line":26,"column":17},"end":{"line":26,"column":33}},"18":{"start":{"line":30,"column":23},"end":{"line":30,"column":44}},"19":{"start":{"line":31,"column":4},"end":{"line":34,"column":38}},"20":{"start":{"line":33,"column":6},"end":{"line":33,"column":35}},"21":{"start":{"line":34,"column":20},"end":{"line":34,"column":36}},"22":{"start":{"line":38,"column":4},"end":{"line":43,"column":167}},"23":{"start":{"line":49,"column":0},"end":{"line":57,"column":15}},"24":{"start":{"line":57,"column":15},"end":{"line":60,"column":18}}},"fnMap":{"0":{"name":"_interopRequireDefault","decl":{"start":{"line":4,"column":101},"end":{"line":4,"column":123}},"loc":{"start":{"line":4,"column":129},"end":{"line":4,"column":185}},"line":4},"1":{"name":"(anonymous_1)","decl":{"start":{"line":7,"column":2},"end":{"line":7,"column":3}},"loc":{"start":{"line":7,"column":21},"end":{"line":12,"column":3}},"line":7},"2":{"name":"(anonymous_2)","decl":{"start":{"line":14,"column":2},"end":{"line":14,"column":3}},"loc":{"start":{"line":14,"column":23},"end":{"line":16,"column":3}},"line":14},"3":{"name":"(anonymous_3)","decl":{"start":{"line":18,"column":2},"end":{"line":18,"column":3}},"loc":{"start":{"line":18,"column":18},"end":{"line":27,"column":3}},"line":18},"4":{"name":"(anonymous_4)","decl":{"start":{"line":21,"column":9},"end":{"line":21,"column":10}},"loc":{"start":{"line":21,"column":21},"end":{"line":25,"column":5}},"line":21},"5":{"name":"(anonymous_5)","decl":{"start":{"line":22,"column":48},"end":{"line":22,"column":49}},"loc":{"start":{"line":22,"column":54},"end":{"line":24,"column":7}},"line":22},"6":{"name":"(anonymous_6)","decl":{"start":{"line":26,"column":10},"end":{"line":26,"column":11}},"loc":{"start":{"line":26,"column":17},"end":{"line":26,"column":33}},"line":26},"7":{"name":"(anonymous_7)","decl":{"start":{"line":29,"column":2},"end":{"line":29,"column":3}},"loc":{"start":{"line":29,"column":13},"end":{"line":35,"column":3}},"line":29},"8":{"name":"(anonymous_8)","decl":{"start":{"line":32,"column":9},"end":{"line":32,"column":10}},"loc":{"start":{"line":32,"column":15},"end":{"line":34,"column":5}},"line":32},"9":{"name":"(anonymous_9)","decl":{"start":{"line":34,"column":13},"end":{"line":34,"column":14}},"loc":{"start":{"line":34,"column":20},"end":{"line":34,"column":36}},"line":34},"10":{"name":"(anonymous_10)","decl":{"start":{"line":37,"column":2},"end":{"line":37,"column":3}},"loc":{"start":{"line":37,"column":11},"end":{"line":46,"column":3}},"line":37}},"branchMap":{"0":{"loc":{"start":{"line":4,"column":137},"end":{"line":4,"column":183}},"type":"cond-expr","locations":[{"start":{"line":4,"column":161},"end":{"line":4,"column":164}},{"start":{"line":4,"column":167},"end":{"line":4,"column":183}}],"line":4},"1":{"loc":{"start":{"line":4,"column":137},"end":{"line":4,"column":158}},"type":"binary-expr","locations":[{"start":{"line":4,"column":137},"end":{"line":4,"column":140}},{"start":{"line":4,"column":144},"end":{"line":4,"column":158}}],"line":4}},"s":{"0":0,"1":0,"2":0,"3":0,"4":0,"5":0,"6":0,"7":0,"8":0,"9":0,"10":0,"11":0,"12":0,"13":0,"14":0,"15":0,"16":0,"17":0,"18":0,"19":0,"20":0,"21":0,"22":0,"23":0,"24":0},"f":{"0":0,"1":0,"2":0,"3":0,"4":0,"5":0,"6":0,"7":0,"8":0,"9":0,"10":0},"b":{"0":[0,0],"1":[0,0]}}
,"/Users/camdenhill/Documents/the-new-cookbook-client/src/components/ingredients/IngredientItem.js": {"path":"/Users/camdenhill/Documents/the-new-cookbook-client/src/components/ingredients/IngredientItem.js","statementMap":{"0":{"start":{"line":1,"column":13},"end":{"line":1,"column":75}},"1":{"start":{"line":1,"column":94},"end":{"line":1,"column":192}},"2":{"start":{"line":1,"column":206},"end":{"line":1,"column":222}},"3":{"start":{"line":1,"column":237},"end":{"line":1,"column":267}},"4":{"start":{"line":2,"column":22},"end":{"line":2,"column":49}},"5":{"start":{"line":3,"column":17},"end":{"line":3,"column":38}},"6":{"start":{"line":3,"column":57},"end":{"line":3,"column":91}},"7":{"start":{"line":3,"column":130},"end":{"line":3,"column":184}},"8":{"start":{"line":7,"column":4},"end":{"line":7,"column":17}},"9":{"start":{"line":8,"column":4},"end":{"line":9,"column":25}},"10":{"start":{"line":14,"column":4},"end":{"line":17,"column":65}},"11":{"start":{"line":24,"column":0},"end":{"line":25,"column":37}},"12":{"start":{"line":25,"column":37},"end":{"line":28,"column":15}}},"fnMap":{"0":{"name":"_interopRequireDefault","decl":{"start":{"line":3,"column":101},"end":{"line":3,"column":123}},"loc":{"start":{"line":3,"column":129},"end":{"line":3,"column":185}},"line":3},"1":{"name":"(anonymous_1)","decl":{"start":{"line":6,"column":2},"end":{"line":6,"column":3}},"loc":{"start":{"line":6,"column":21},"end":{"line":11,"column":3}},"line":6},"2":{"name":"(anonymous_2)","decl":{"start":{"line":13,"column":2},"end":{"line":13,"column":3}},"loc":{"start":{"line":13,"column":11},"end":{"line":21,"column":3}},"line":13}},"branchMap":{"0":{"loc":{"start":{"line":3,"column":137},"end":{"line":3,"column":183}},"type":"cond-expr","locations":[{"start":{"line":3,"column":161},"end":{"line":3,"column":164}},{"start":{"line":3,"column":167},"end":{"line":3,"column":183}}],"line":3},"1":{"loc":{"start":{"line":3,"column":137},"end":{"line":3,"column":158}},"type":"binary-expr","locations":[{"start":{"line":3,"column":137},"end":{"line":3,"column":140}},{"start":{"line":3,"column":144},"end":{"line":3,"column":158}}],"line":3}},"s":{"0":0,"1":0,"2":0,"3":0,"4":0,"5":0,"6":0,"7":0,"8":0,"9":0,"10":0,"11":0,"12":0},"f":{"0":0,"1":0,"2":0},"b":{"0":[0,0],"1":[0,0]}}
,"/Users/camdenhill/Documents/the-new-cookbook-client/src/components/ingredients/Ingredients.js": {"path":"/Users/camdenhill/Documents/the-new-cookbook-client/src/components/ingredients/Ingredients.js","statementMap":{"0":{"start":{"line":1,"column":13},"end":{"line":1,"column":75}},"1":{"start":{"line":1,"column":94},"end":{"line":1,"column":189}},"2":{"start":{"line":1,"column":203},"end":{"line":1,"column":219}},"3":{"start":{"line":1,"column":234},"end":{"line":1,"column":264}},"4":{"start":{"line":2,"column":22},"end":{"line":2,"column":49}},"5":{"start":{"line":3,"column":13},"end":{"line":3,"column":29}},"6":{"start":{"line":3,"column":44},"end":{"line":3,"column":74}},"7":{"start":{"line":4,"column":22},"end":{"line":4,"column":49}},"8":{"start":{"line":4,"column":73},"end":{"line":4,"column":112}},"9":{"start":{"line":4,"column":151},"end":{"line":4,"column":205}},"10":{"start":{"line":8,"column":4},"end":{"line":8,"column":12}},"11":{"start":{"line":9,"column":4},"end":{"line":10,"column":24}},"12":{"start":{"line":15,"column":4},"end":{"line":15,"column":26}},"13":{"start":{"line":19,"column":4},"end":{"line":25,"column":35}},"14":{"start":{"line":21,"column":6},"end":{"line":23,"column":9}},"15":{"start":{"line":22,"column":8},"end":{"line":22,"column":35}},"16":{"start":{"line":25,"column":17},"end":{"line":25,"column":33}},"17":{"start":{"line":29,"column":28},"end":{"line":33,"column":6}},"18":{"start":{"line":30,"column":6},"end":{"line":31,"column":175}},"19":{"start":{"line":34,"column":4},"end":{"line":39,"column":29}},"20":{"start":{"line":43,"column":4},"end":{"line":46,"column":12}}},"fnMap":{"0":{"name":"_interopRequireDefault","decl":{"start":{"line":4,"column":122},"end":{"line":4,"column":144}},"loc":{"start":{"line":4,"column":150},"end":{"line":4,"column":206}},"line":4},"1":{"name":"(anonymous_1)","decl":{"start":{"line":7,"column":2},"end":{"line":7,"column":3}},"loc":{"start":{"line":7,"column":16},"end":{"line":12,"column":3}},"line":7},"2":{"name":"(anonymous_2)","decl":{"start":{"line":14,"column":2},"end":{"line":14,"column":3}},"loc":{"start":{"line":14,"column":23},"end":{"line":16,"column":3}},"line":14},"3":{"name":"(anonymous_3)","decl":{"start":{"line":18,"column":2},"end":{"line":18,"column":3}},"loc":{"start":{"line":18,"column":19},"end":{"line":26,"column":3}},"line":18},"4":{"name":"(anonymous_4)","decl":{"start":{"line":20,"column":9},"end":{"line":20,"column":10}},"loc":{"start":{"line":20,"column":21},"end":{"line":24,"column":5}},"line":20},"5":{"name":"(anonymous_5)","decl":{"start":{"line":21,"column":52},"end":{"line":21,"column":53}},"loc":{"start":{"line":21,"column":58},"end":{"line":23,"column":7}},"line":21},"6":{"name":"(anonymous_6)","decl":{"start":{"line":25,"column":10},"end":{"line":25,"column":11}},"loc":{"start":{"line":25,"column":17},"end":{"line":25,"column":33}},"line":25},"7":{"name":"(anonymous_7)","decl":{"start":{"line":28,"column":2},"end":{"line":28,"column":3}},"loc":{"start":{"line":28,"column":11},"end":{"line":43,"column":3}},"line":28},"8":{"name":"(anonymous_8)","decl":{"start":{"line":29,"column":55},"end":{"line":29,"column":56}},"loc":{"start":{"line":29,"column":69},"end":{"line":33,"column":5}},"line":29}},"branchMap":{"0":{"loc":{"start":{"line":4,"column":158},"end":{"line":4,"column":204}},"type":"cond-expr","locations":[{"start":{"line":4,"column":182},"end":{"line":4,"column":185}},{"start":{"line":4,"column":188},"end":{"line":4,"column":204}}],"line":4},"1":{"loc":{"start":{"line":4,"column":158},"end":{"line":4,"column":179}},"type":"binary-expr","locations":[{"start":{"line":4,"column":158},"end":{"line":4,"column":161}},{"start":{"line":4,"column":165},"end":{"line":4,"column":179}}],"line":4}},"s":{"0":0,"1":0,"2":0,"3":0,"4":0,"5":0,"6":0,"7":0,"8":0,"9":0,"10":0,"11":0,"12":0,"13":0,"14":0,"15":0,"16":0,"17":0,"18":0,"19":0,"20":0},"f":{"0":0,"1":0,"2":0,"3":0,"4":0,"5":0,"6":0,"7":0,"8":0},"b":{"0":[0,0],"1":[0,0]}}
,"/Users/camdenhill/Documents/the-new-cookbook-client/src/components/recipes/AddRecipe.js": {"path":"/Users/camdenhill/Documents/the-new-cookbook-client/src/components/recipes/AddRecipe.js","statementMap":{"0":{"start":{"line":14,"column":4},"end":{"line":14,"column":17}},"1":{"start":{"line":15,"column":4},"end":{"line":15,"column":63}},"2":{"start":{"line":16,"column":4},"end":{"line":16,"column":51}},"3":{"start":{"line":17,"column":4},"end":{"line":24,"column":5}},"4":{"start":{"line":31,"column":22},"end":{"line":31,"column":44}},"5":{"start":{"line":32,"column":4},"end":{"line":35,"column":7}},"6":{"start":{"line":36,"column":4},"end":{"line":38,"column":6}},"7":{"start":{"line":37,"column":6},"end":{"line":37,"column":43}},"8":{"start":{"line":42,"column":16},"end":{"line":42,"column":32}},"9":{"start":{"line":43,"column":24},"end":{"line":43,"column":41}},"10":{"start":{"line":44,"column":4},"end":{"line":44,"column":29}},"11":{"start":{"line":45,"column":4},"end":{"line":49,"column":7}},"12":{"start":{"line":50,"column":4},"end":{"line":52,"column":6}},"13":{"start":{"line":51,"column":6},"end":{"line":51,"column":37}},"14":{"start":{"line":56,"column":4},"end":{"line":89,"column":38}},"15":{"start":{"line":61,"column":21},"end":{"line":61,"column":37}},"16":{"start":{"line":62,"column":6},"end":{"line":72,"column":8}},"17":{"start":{"line":63,"column":8},"end":{"line":71,"column":42}},"18":{"start":{"line":71,"column":24},"end":{"line":71,"column":40}},"19":{"start":{"line":73,"column":6},"end":{"line":73,"column":22}},"20":{"start":{"line":75,"column":6},"end":{"line":75,"column":28}},"21":{"start":{"line":76,"column":6},"end":{"line":87,"column":8}},"22":{"start":{"line":77,"column":8},"end":{"line":86,"column":42}},"23":{"start":{"line":86,"column":24},"end":{"line":86,"column":40}},"24":{"start":{"line":88,"column":6},"end":{"line":88,"column":35}},"25":{"start":{"line":89,"column":20},"end":{"line":89,"column":36}},"26":{"start":{"line":93,"column":4},"end":{"line":104,"column":5}},"27":{"start":{"line":95,"column":8},"end":{"line":95,"column":38}},"28":{"start":{"line":96,"column":8},"end":{"line":96,"column":57}},"29":{"start":{"line":97,"column":8},"end":{"line":97,"column":14}},"30":{"start":{"line":99,"column":8},"end":{"line":99,"column":32}},"31":{"start":{"line":100,"column":8},"end":{"line":100,"column":45}},"32":{"start":{"line":101,"column":8},"end":{"line":101,"column":14}},"33":{"start":{"line":103,"column":8},"end":{"line":103,"column":29}},"34":{"start":{"line":108,"column":19},"end":{"line":108,"column":27}},"35":{"start":{"line":109,"column":18},"end":{"line":109,"column":30}},"36":{"start":{"line":110,"column":17},"end":{"line":110,"column":28}},"37":{"start":{"line":112,"column":4},"end":{"line":114,"column":7}},"38":{"start":{"line":118,"column":4},"end":{"line":118,"column":23}},"39":{"start":{"line":119,"column":22},"end":{"line":124,"column":5}},"40":{"start":{"line":125,"column":4},"end":{"line":125,"column":30}},"41":{"start":{"line":129,"column":4},"end":{"line":181,"column":5}},"42":{"start":{"line":154,"column":18},"end":{"line":156,"column":23}},"43":{"start":{"line":166,"column":20},"end":{"line":168,"column":25}},"44":{"start":{"line":185,"column":0},"end":{"line":186,"column":2}}},"fnMap":{"0":{"name":"(anonymous_0)","decl":{"start":{"line":13,"column":2},"end":{"line":13,"column":3}},"loc":{"start":{"line":13,"column":21},"end":{"line":25,"column":3}},"line":13},"1":{"name":"(anonymous_1)","decl":{"start":{"line":27,"column":2},"end":{"line":27,"column":3}},"loc":{"start":{"line":27,"column":23},"end":{"line":28,"column":3}},"line":27},"2":{"name":"(anonymous_2)","decl":{"start":{"line":30,"column":2},"end":{"line":30,"column":3}},"loc":{"start":{"line":30,"column":31},"end":{"line":39,"column":3}},"line":30},"3":{"name":"(anonymous_3)","decl":{"start":{"line":36,"column":46},"end":{"line":36,"column":47}},"loc":{"start":{"line":36,"column":52},"end":{"line":38,"column":5}},"line":36},"4":{"name":"(anonymous_4)","decl":{"start":{"line":41,"column":2},"end":{"line":41,"column":3}},"loc":{"start":{"line":41,"column":19},"end":{"line":53,"column":3}},"line":41},"5":{"name":"(anonymous_5)","decl":{"start":{"line":50,"column":34},"end":{"line":50,"column":35}},"loc":{"start":{"line":50,"column":40},"end":{"line":52,"column":5}},"line":50},"6":{"name":"(anonymous_6)","decl":{"start":{"line":55,"column":2},"end":{"line":55,"column":3}},"loc":{"start":{"line":55,"column":23},"end":{"line":90,"column":3}},"line":55},"7":{"name":"(anonymous_7)","decl":{"start":{"line":60,"column":12},"end":{"line":60,"column":13}},"loc":{"start":{"line":60,"column":26},"end":{"line":74,"column":5}},"line":60},"8":{"name":"(anonymous_8)","decl":{"start":{"line":62,"column":37},"end":{"line":62,"column":38}},"loc":{"start":{"line":62,"column":53},"end":{"line":72,"column":7}},"line":62},"9":{"name":"(anonymous_9)","decl":{"start":{"line":71,"column":17},"end":{"line":71,"column":18}},"loc":{"start":{"line":71,"column":24},"end":{"line":71,"column":40}},"line":71},"10":{"name":"(anonymous_10)","decl":{"start":{"line":74,"column":12},"end":{"line":74,"column":13}},"loc":{"start":{"line":74,"column":26},"end":{"line":89,"column":5}},"line":74},"11":{"name":"(anonymous_11)","decl":{"start":{"line":76,"column":31},"end":{"line":76,"column":32}},"loc":{"start":{"line":76,"column":41},"end":{"line":87,"column":7}},"line":76},"12":{"name":"(anonymous_12)","decl":{"start":{"line":86,"column":17},"end":{"line":86,"column":18}},"loc":{"start":{"line":86,"column":24},"end":{"line":86,"column":40}},"line":86},"13":{"name":"(anonymous_13)","decl":{"start":{"line":89,"column":13},"end":{"line":89,"column":14}},"loc":{"start":{"line":89,"column":20},"end":{"line":89,"column":36}},"line":89},"14":{"name":"(anonymous_14)","decl":{"start":{"line":92,"column":2},"end":{"line":92,"column":3}},"loc":{"start":{"line":92,"column":17},"end":{"line":105,"column":3}},"line":92},"15":{"name":"(anonymous_15)","decl":{"start":{"line":107,"column":2},"end":{"line":107,"column":3}},"loc":{"start":{"line":107,"column":23},"end":{"line":115,"column":3}},"line":107},"16":{"name":"(anonymous_16)","decl":{"start":{"line":117,"column":2},"end":{"line":117,"column":3}},"loc":{"start":{"line":117,"column":14},"end":{"line":126,"column":3}},"line":117},"17":{"name":"(anonymous_17)","decl":{"start":{"line":128,"column":2},"end":{"line":128,"column":3}},"loc":{"start":{"line":128,"column":11},"end":{"line":182,"column":3}},"line":128},"18":{"name":"(anonymous_18)","decl":{"start":{"line":153,"column":44},"end":{"line":153,"column":45}},"loc":{"start":{"line":154,"column":18},"end":{"line":156,"column":23}},"line":154},"19":{"name":"(anonymous_19)","decl":{"start":{"line":165,"column":40},"end":{"line":165,"column":41}},"loc":{"start":{"line":166,"column":20},"end":{"line":168,"column":25}},"line":166}},"branchMap":{"0":{"loc":{"start":{"line":93,"column":4},"end":{"line":104,"column":5}},"type":"switch","locations":[{"start":{"line":94,"column":6},"end":{"line":97,"column":14}},{"start":{"line":98,"column":6},"end":{"line":101,"column":14}},{"start":{"line":102,"column":6},"end":{"line":103,"column":29}}],"line":93}},"s":{"0":0,"1":0,"2":0,"3":0,"4":0,"5":0,"6":0,"7":0,"8":0,"9":0,"10":0,"11":0,"12":0,"13":0,"14":0,"15":0,"16":0,"17":0,"18":0,"19":0,"20":0,"21":0,"22":0,"23":0,"24":0,"25":0,"26":0,"27":0,"28":0,"29":0,"30":0,"31":0,"32":0,"33":0,"34":0,"35":0,"36":0,"37":0,"38":0,"39":0,"40":0,"41":0,"42":0,"43":0,"44":1},"f":{"0":0,"1":0,"2":0,"3":0,"4":0,"5":0,"6":0,"7":0,"8":0,"9":0,"10":0,"11":0,"12":0,"13":0,"14":0,"15":0,"16":0,"17":0,"18":0,"19":0},"b":{"0":[0,0,0]},"_coverageSchema":"332fd63041d2c1bcb487cc26dd0d5f7d97098a6c","hash":"c4cc69ad70c59d1ea07f99900c7805248837cb96"}
,"/Users/camdenhill/Documents/the-new-cookbook-client/src/components/recipes/RecipeDetails.js": {"path":"/Users/camdenhill/Documents/the-new-cookbook-client/src/components/recipes/RecipeDetails.js","statementMap":{"0":{"start":{"line":12,"column":4},"end":{"line":12,"column":17}},"1":{"start":{"line":13,"column":4},"end":{"line":19,"column":5}},"2":{"start":{"line":20,"column":4},"end":{"line":20,"column":63}},"3":{"start":{"line":24,"column":4},"end":{"line":24,"column":21}},"4":{"start":{"line":25,"column":4},"end":{"line":25,"column":32}},"5":{"start":{"line":26,"column":4},"end":{"line":26,"column":26}},"6":{"start":{"line":27,"column":4},"end":{"line":27,"column":23}},"7":{"start":{"line":31,"column":19},"end":{"line":31,"column":45}},"8":{"start":{"line":32,"column":4},"end":{"line":39,"column":38}},"9":{"start":{"line":34,"column":8},"end":{"line":36,"column":11}},"10":{"start":{"line":35,"column":10},"end":{"line":35,"column":34}},"11":{"start":{"line":37,"column":8},"end":{"line":37,"column":63}},"12":{"start":{"line":39,"column":20},"end":{"line":39,"column":36}},"13":{"start":{"line":43,"column":19},"end":{"line":43,"column":45}},"14":{"start":{"line":44,"column":4},"end":{"line":54,"column":36}},"15":{"start":{"line":46,"column":8},"end":{"line":52,"column":10}},"16":{"start":{"line":47,"column":10},"end":{"line":51,"column":11}},"17":{"start":{"line":48,"column":12},"end":{"line":50,"column":13}},"18":{"start":{"line":49,"column":14},"end":{"line":49,"column":42}},"19":{"start":{"line":54,"column":18},"end":{"line":54,"column":34}},"20":{"start":{"line":58,"column":19},"end":{"line":58,"column":45}},"21":{"start":{"line":59,"column":4},"end":{"line":71,"column":36}},"22":{"start":{"line":61,"column":8},"end":{"line":69,"column":10}},"23":{"start":{"line":62,"column":10},"end":{"line":62,"column":34}},"24":{"start":{"line":63,"column":10},"end":{"line":68,"column":11}},"25":{"start":{"line":64,"column":12},"end":{"line":64,"column":50}},"26":{"start":{"line":65,"column":12},"end":{"line":67,"column":13}},"27":{"start":{"line":66,"column":14},"end":{"line":66,"column":36}},"28":{"start":{"line":71,"column":18},"end":{"line":71,"column":34}},"29":{"start":{"line":75,"column":19},"end":{"line":75,"column":40}},"30":{"start":{"line":76,"column":4},"end":{"line":79,"column":38}},"31":{"start":{"line":78,"column":6},"end":{"line":78,"column":35}},"32":{"start":{"line":79,"column":20},"end":{"line":79,"column":36}},"33":{"start":{"line":83,"column":19},"end":{"line":83,"column":27}},"34":{"start":{"line":84,"column":18},"end":{"line":84,"column":30}},"35":{"start":{"line":85,"column":17},"end":{"line":85,"column":28}},"36":{"start":{"line":87,"column":4},"end":{"line":89,"column":7}},"37":{"start":{"line":93,"column":4},"end":{"line":100,"column":12}},"38":{"start":{"line":94,"column":17},"end":{"line":94,"column":27}},"39":{"start":{"line":95,"column":18},"end":{"line":95,"column":75}},"40":{"start":{"line":96,"column":6},"end":{"line":96,"column":37}},"41":{"start":{"line":97,"column":22},"end":{"line":97,"column":88}},"42":{"start":{"line":98,"column":31},"end":{"line":98,"column":52}},"43":{"start":{"line":99,"column":6},"end":{"line":99,"column":57}},"44":{"start":{"line":116,"column":4},"end":{"line":151,"column":5}},"45":{"start":{"line":131,"column":18},"end":{"line":131,"column":103}},"46":{"start":{"line":141,"column":18},"end":{"line":143,"column":23}},"47":{"start":{"line":155,"column":0},"end":{"line":161,"column":2}}},"fnMap":{"0":{"name":"(anonymous_0)","decl":{"start":{"line":11,"column":2},"end":{"line":11,"column":3}},"loc":{"start":{"line":11,"column":21},"end":{"line":21,"column":3}},"line":11},"1":{"name":"(anonymous_1)","decl":{"start":{"line":23,"column":2},"end":{"line":23,"column":3}},"loc":{"start":{"line":23,"column":23},"end":{"line":28,"column":3}},"line":23},"2":{"name":"(anonymous_2)","decl":{"start":{"line":30,"column":2},"end":{"line":30,"column":3}},"loc":{"start":{"line":30,"column":14},"end":{"line":40,"column":3}},"line":30},"3":{"name":"(anonymous_3)","decl":{"start":{"line":33,"column":12},"end":{"line":33,"column":13}},"loc":{"start":{"line":33,"column":24},"end":{"line":38,"column":7}},"line":33},"4":{"name":"(anonymous_4)","decl":{"start":{"line":34,"column":48},"end":{"line":34,"column":49}},"loc":{"start":{"line":34,"column":54},"end":{"line":36,"column":9}},"line":34},"5":{"name":"(anonymous_5)","decl":{"start":{"line":39,"column":13},"end":{"line":39,"column":14}},"loc":{"start":{"line":39,"column":20},"end":{"line":39,"column":36}},"line":39},"6":{"name":"(anonymous_6)","decl":{"start":{"line":42,"column":2},"end":{"line":42,"column":3}},"loc":{"start":{"line":42,"column":25},"end":{"line":55,"column":3}},"line":42},"7":{"name":"(anonymous_7)","decl":{"start":{"line":45,"column":12},"end":{"line":45,"column":13}},"loc":{"start":{"line":45,"column":24},"end":{"line":53,"column":5}},"line":45},"8":{"name":"(anonymous_8)","decl":{"start":{"line":46,"column":52},"end":{"line":46,"column":53}},"loc":{"start":{"line":46,"column":58},"end":{"line":52,"column":9}},"line":46},"9":{"name":"(anonymous_9)","decl":{"start":{"line":48,"column":39},"end":{"line":48,"column":40}},"loc":{"start":{"line":49,"column":14},"end":{"line":49,"column":42}},"line":49},"10":{"name":"(anonymous_10)","decl":{"start":{"line":54,"column":11},"end":{"line":54,"column":12}},"loc":{"start":{"line":54,"column":18},"end":{"line":54,"column":34}},"line":54},"11":{"name":"(anonymous_11)","decl":{"start":{"line":57,"column":2},"end":{"line":57,"column":3}},"loc":{"start":{"line":57,"column":19},"end":{"line":72,"column":3}},"line":57},"12":{"name":"(anonymous_12)","decl":{"start":{"line":60,"column":12},"end":{"line":60,"column":13}},"loc":{"start":{"line":60,"column":24},"end":{"line":70,"column":5}},"line":60},"13":{"name":"(anonymous_13)","decl":{"start":{"line":61,"column":46},"end":{"line":61,"column":47}},"loc":{"start":{"line":61,"column":52},"end":{"line":69,"column":9}},"line":61},"14":{"name":"(anonymous_14)","decl":{"start":{"line":65,"column":33},"end":{"line":65,"column":34}},"loc":{"start":{"line":66,"column":14},"end":{"line":66,"column":36}},"line":66},"15":{"name":"(anonymous_15)","decl":{"start":{"line":71,"column":11},"end":{"line":71,"column":12}},"loc":{"start":{"line":71,"column":18},"end":{"line":71,"column":34}},"line":71},"16":{"name":"(anonymous_16)","decl":{"start":{"line":74,"column":2},"end":{"line":74,"column":3}},"loc":{"start":{"line":74,"column":13},"end":{"line":80,"column":3}},"line":74},"17":{"name":"(anonymous_17)","decl":{"start":{"line":77,"column":10},"end":{"line":77,"column":11}},"loc":{"start":{"line":77,"column":16},"end":{"line":79,"column":5}},"line":77},"18":{"name":"(anonymous_18)","decl":{"start":{"line":79,"column":13},"end":{"line":79,"column":14}},"loc":{"start":{"line":79,"column":20},"end":{"line":79,"column":36}},"line":79},"19":{"name":"(anonymous_19)","decl":{"start":{"line":82,"column":2},"end":{"line":82,"column":3}},"loc":{"start":{"line":82,"column":23},"end":{"line":90,"column":3}},"line":82},"20":{"name":"(anonymous_20)","decl":{"start":{"line":92,"column":2},"end":{"line":92,"column":3}},"loc":{"start":{"line":92,"column":16},"end":{"line":101,"column":3}},"line":92},"21":{"name":"(anonymous_21)","decl":{"start":{"line":93,"column":16},"end":{"line":93,"column":17}},"loc":{"start":{"line":93,"column":22},"end":{"line":100,"column":5}},"line":93},"22":{"name":"(anonymous_22)","decl":{"start":{"line":115,"column":2},"end":{"line":115,"column":3}},"loc":{"start":{"line":115,"column":11},"end":{"line":152,"column":3}},"line":115},"23":{"name":"(anonymous_23)","decl":{"start":{"line":130,"column":44},"end":{"line":130,"column":45}},"loc":{"start":{"line":131,"column":18},"end":{"line":131,"column":103}},"line":131},"24":{"name":"(anonymous_24)","decl":{"start":{"line":140,"column":38},"end":{"line":140,"column":39}},"loc":{"start":{"line":141,"column":18},"end":{"line":143,"column":23}},"line":141}},"branchMap":{"0":{"loc":{"start":{"line":47,"column":10},"end":{"line":51,"column":11}},"type":"if","locations":[{"start":{"line":47,"column":10},"end":{"line":51,"column":11}},{"start":{"line":47,"column":10},"end":{"line":51,"column":11}}],"line":47},"1":{"loc":{"start":{"line":63,"column":10},"end":{"line":68,"column":11}},"type":"if","locations":[{"start":{"line":63,"column":10},"end":{"line":68,"column":11}},{"start":{"line":63,"column":10},"end":{"line":68,"column":11}}],"line":63},"2":{"loc":{"start":{"line":95,"column":18},"end":{"line":95,"column":75}},"type":"cond-expr","locations":[{"start":{"line":95,"column":39},"end":{"line":95,"column":57}},{"start":{"line":95,"column":60},"end":{"line":95,"column":75}}],"line":95},"3":{"loc":{"start":{"line":96,"column":14},"end":{"line":96,"column":36}},"type":"cond-expr","locations":[{"start":{"line":96,"column":26},"end":{"line":96,"column":28}},{"start":{"line":96,"column":31},"end":{"line":96,"column":36}}],"line":96},"4":{"loc":{"start":{"line":97,"column":22},"end":{"line":97,"column":88}},"type":"cond-expr","locations":[{"start":{"line":97,"column":45},"end":{"line":97,"column":68}},{"start":{"line":97,"column":71},"end":{"line":97,"column":88}}],"line":97}},"s":{"0":0,"1":0,"2":0,"3":0,"4":0,"5":0,"6":0,"7":0,"8":0,"9":0,"10":0,"11":0,"12":0,"13":0,"14":0,"15":0,"16":0,"17":0,"18":0,"19":0,"20":0,"21":0,"22":0,"23":0,"24":0,"25":0,"26":0,"27":0,"28":0,"29":0,"30":0,"31":0,"32":0,"33":0,"34":0,"35":0,"36":0,"37":0,"38":0,"39":0,"40":0,"41":0,"42":0,"43":0,"44":0,"45":0,"46":0,"47":1},"f":{"0":0,"1":0,"2":0,"3":0,"4":0,"5":0,"6":0,"7":0,"8":0,"9":0,"10":0,"11":0,"12":0,"13":0,"14":0,"15":0,"16":0,"17":0,"18":0,"19":0,"20":0,"21":0,"22":0,"23":0,"24":0},"b":{"0":[0,0],"1":[0,0],"2":[0,0],"3":[0,0],"4":[0,0]},"_coverageSchema":"332fd63041d2c1bcb487cc26dd0d5f7d97098a6c","hash":"50c590d5b3e2795b95f9bfaeddac313b943f6c22"}
,"/Users/camdenhill/Documents/the-new-cookbook-client/src/components/recipes/RecipeItem.js": {"path":"/Users/camdenhill/Documents/the-new-cookbook-client/src/components/recipes/RecipeItem.js","statementMap":{"0":{"start":{"line":7,"column":4},"end":{"line":7,"column":17}},"1":{"start":{"line":8,"column":4},"end":{"line":10,"column":5}},"2":{"start":{"line":14,"column":4},"end":{"line":20,"column":5}},"3":{"start":{"line":24,"column":0},"end":{"line":26,"column":2}}},"fnMap":{"0":{"name":"(anonymous_0)","decl":{"start":{"line":6,"column":2},"end":{"line":6,"column":3}},"loc":{"start":{"line":6,"column":21},"end":{"line":11,"column":3}},"line":6},"1":{"name":"(anonymous_1)","decl":{"start":{"line":13,"column":2},"end":{"line":13,"column":3}},"loc":{"start":{"line":13,"column":11},"end":{"line":21,"column":3}},"line":13}},"branchMap":{},"s":{"0":0,"1":0,"2":0,"3":2},"f":{"0":0,"1":0},"b":{},"_coverageSchema":"332fd63041d2c1bcb487cc26dd0d5f7d97098a6c","hash":"415e4c62feb79a3ccaf237ad19aa131d1e8cfebd"}
,"/Users/camdenhill/Documents/the-new-cookbook-client/src/components/recipes/Recipes.js": {"path":"/Users/camdenhill/Documents/the-new-cookbook-client/src/components/recipes/Recipes.js","statementMap":{"0":{"start":{"line":8,"column":4},"end":{"line":8,"column":12}},"1":{"start":{"line":9,"column":4},"end":{"line":11,"column":5}},"2":{"start":{"line":15,"column":4},"end":{"line":15,"column":22}},"3":{"start":{"line":19,"column":4},"end":{"line":25,"column":36}},"4":{"start":{"line":21,"column":8},"end":{"line":23,"column":10}},"5":{"start":{"line":22,"column":10},"end":{"line":22,"column":36}},"6":{"start":{"line":25,"column":18},"end":{"line":25,"column":34}},"7":{"start":{"line":29,"column":24},"end":{"line":33,"column":6}},"8":{"start":{"line":30,"column":6},"end":{"line":32,"column":7}},"9":{"start":{"line":34,"column":4},"end":{"line":42,"column":5}}},"fnMap":{"0":{"name":"(anonymous_0)","decl":{"start":{"line":7,"column":2},"end":{"line":7,"column":3}},"loc":{"start":{"line":7,"column":16},"end":{"line":12,"column":3}},"line":7},"1":{"name":"(anonymous_1)","decl":{"start":{"line":14,"column":2},"end":{"line":14,"column":3}},"loc":{"start":{"line":14,"column":23},"end":{"line":16,"column":3}},"line":14},"2":{"name":"(anonymous_2)","decl":{"start":{"line":18,"column":2},"end":{"line":18,"column":3}},"loc":{"start":{"line":18,"column":15},"end":{"line":26,"column":3}},"line":18},"3":{"name":"(anonymous_3)","decl":{"start":{"line":20,"column":12},"end":{"line":20,"column":13}},"loc":{"start":{"line":20,"column":24},"end":{"line":24,"column":5}},"line":20},"4":{"name":"(anonymous_4)","decl":{"start":{"line":21,"column":48},"end":{"line":21,"column":49}},"loc":{"start":{"line":21,"column":54},"end":{"line":23,"column":9}},"line":21},"5":{"name":"(anonymous_5)","decl":{"start":{"line":25,"column":11},"end":{"line":25,"column":12}},"loc":{"start":{"line":25,"column":18},"end":{"line":25,"column":34}},"line":25},"6":{"name":"(anonymous_6)","decl":{"start":{"line":28,"column":2},"end":{"line":28,"column":3}},"loc":{"start":{"line":28,"column":11},"end":{"line":43,"column":3}},"line":28},"7":{"name":"(anonymous_7)","decl":{"start":{"line":29,"column":47},"end":{"line":29,"column":48}},"loc":{"start":{"line":29,"column":59},"end":{"line":33,"column":5}},"line":29}},"branchMap":{},"s":{"0":0,"1":0,"2":0,"3":0,"4":0,"5":0,"6":0,"7":0,"8":0,"9":0},"f":{"0":0,"1":0,"2":0,"3":0,"4":0,"5":0,"6":0,"7":0},"b":{},"_coverageSchema":"332fd63041d2c1bcb487cc26dd0d5f7d97098a6c","hash":"71f41cafe92986a6882242a1af86d94149e18741"}
}
